<?xml version="1.0" encoding="UTF-8"?>
<!-- Generated by org.testng.reporters.JUnitReportReporter -->
<testsuite hostname="IN-IT1113" name="com.qa.AmazonTestCases.AmazonHomePageAfterSignIn" tests="2" failures="0" timestamp="20 Apr 2019 11:07:22 GMT" time="3.263" errors="0">
  <testcase name="clickOnShopByCategoryOption" time="1.867" classname="com.qa.AmazonTestCases.AmazonHomePageAfterSignIn"/>
  <testcase name="validateContentOnHomePage" time="1.396" classname="com.qa.AmazonTestCases.AmazonHomePageAfterSignIn"/>
</testsuite> <!-- com.qa.AmazonTestCases.AmazonHomePageAfterSignIn -->
