<?xml version="1.0" encoding="UTF-8"?>
<!-- Generated by org.testng.reporters.JUnitReportReporter -->
<testsuite hostname="IN-IT1113" name="com.qa.AmazonTestCases.AmazonHomePageTest" tests="1" failures="0" timestamp="20 Apr 2019 09:50:49 GMT" time="1.390" errors="0">
  <testcase name="clickONHelloSignOnAndSignOn" time="1.390" classname="com.qa.AmazonTestCases.AmazonHomePageTest"/>
</testsuite> <!-- com.qa.AmazonTestCases.AmazonHomePageTest -->
