<?xml version="1.0" encoding="UTF-8"?>
<!-- Generated by org.testng.reporters.JUnitReportReporter -->
<testsuite hostname="IN-IT1113" name="com.qa.AmazonTestCases.ProductTest" tests="1" failures="0" timestamp="20 Apr 2019 14:26:47 GMT" time="17.852" errors="0">
  <testcase name="clickOnGivenTextOnSearchBox" time="17.852" classname="com.qa.AmazonTestCases.ProductTest"/>
</testsuite> <!-- com.qa.AmazonTestCases.ProductTest -->
