<?xml version="1.0" encoding="UTF-8"?>
<!-- Generated by org.testng.reporters.JUnitReportReporter -->
<testsuite hostname="IN-IT1113" name="com.qa.AmazonTestCases.AmazonHomePageAfterSignInTest" tests="1" failures="0" timestamp="20 Apr 2019 14:26:47 GMT" time="0.136" errors="0">
  <testcase name="clickOnShopByCategoryOption" time="0.136" classname="com.qa.AmazonTestCases.AmazonHomePageAfterSignInTest"/>
</testsuite> <!-- com.qa.AmazonTestCases.AmazonHomePageAfterSignInTest -->
